Unity Editor version:    2021.3.11f1 (0a5ca18544bf)
Branch:                  2021.3/staging
Build type:              Release
Batch mode:              YES
macOS version:           Version 12.4 (Build 21F79)
Darwin version:          21.5.0
Architecture:            arm64
Running under Rosetta:   NO
Available memory:        8192 MB
Using pre-set license
Pro License: YES

COMMAND LINE ARGUMENTS:
/Applications/Unity/Hub/Editor/2021.3.11f1/Unity.app/Contents/MacOS/Unity
-adb2
-batchMode
-noUpm
-name
AssetImportWorker0
-projectPath
/Users/ananyachintalapudi/hackathon2022
-logFile
Logs/AssetImportWorker0.log
-srvPort
60615
Successfully changed project path to: /Users/ananyachintalapudi/hackathon2022
/Users/ananyachintalapudi/hackathon2022
[UnityMemory] Configuration Parameters - Can be set up in boot.config
    "memorysetup-bucket-allocator-granularity=16"
    "memorysetup-bucket-allocator-bucket-count=8"
    "memorysetup-bucket-allocator-block-size=33554432"
    "memorysetup-bucket-allocator-block-count=8"
    "memorysetup-main-allocator-block-size=16777216"
    "memorysetup-thread-allocator-block-size=16777216"
    "memorysetup-gfx-main-allocator-block-size=16777216"
    "memorysetup-gfx-thread-allocator-block-size=16777216"
    "memorysetup-cache-allocator-block-size=4194304"
    "memorysetup-typetree-allocator-block-size=2097152"
    "memorysetup-profiler-bucket-allocator-granularity=16"
    "memorysetup-profiler-bucket-allocator-bucket-count=8"
    "memorysetup-profiler-bucket-allocator-block-size=33554432"
    "memorysetup-profiler-bucket-allocator-block-count=8"
    "memorysetup-profiler-allocator-block-size=16777216"
    "memorysetup-profiler-editor-allocator-block-size=1048576"
    "memorysetup-temp-allocator-size-main=16777216"
    "memorysetup-job-temp-allocator-block-size=2097152"
    "memorysetup-job-temp-allocator-block-size-background=1048576"
    "memorysetup-job-temp-allocator-reduction-small-platforms=262144"
    "memorysetup-temp-allocator-size-background-worker=32768"
    "memorysetup-temp-allocator-size-job-worker=262144"
    "memorysetup-temp-allocator-size-preload-manager=33554432"
    "memorysetup-temp-allocator-size-nav-mesh-worker=65536"
    "memorysetup-temp-allocator-size-audio-worker=65536"
    "memorysetup-temp-allocator-size-cloud-worker=32768"
    "memorysetup-temp-allocator-size-gi-baking-worker=262144"
    "memorysetup-temp-allocator-size-gfx=262144"
Refreshing native plugins compatible for Editor in 79.18 ms, found 3 plugins.
Preloading 0 native plugins for Editor in 0.00 ms.
Initialize engine version: 2021.3.11f1 (0a5ca18544bf)
[Subsystems] Discovering subsystems at path /Applications/Unity/Hub/Editor/2021.3.11f1/Unity.app/Contents/Resources/UnitySubsystems
[Subsystems] Discovering subsystems at path /Users/ananyachintalapudi/hackathon2022/Assets
GfxDevice: creating device client; threaded=0; jobified=0
 preferred device: Apple M1 (high power)
Metal devices available: 1
0: Apple M1 (high power)
Using device Apple M1 (high power)
Initializing Metal device caps: Apple M1
Initialize mono
Mono path[0] = '/Applications/Unity/Hub/Editor/2021.3.11f1/Unity.app/Contents/Managed'
Mono path[1] = '/Applications/Unity/Hub/Editor/2021.3.11f1/Unity.app/Contents/MonoBleedingEdge/lib/mono/unityjit-macos'
Mono config path = '/Applications/Unity/Hub/Editor/2021.3.11f1/Unity.app/Contents/MonoBleedingEdge/etc'
Using monoOptions --debugger-agent=transport=dt_socket,embedding=1,server=y,suspend=n,address=127.0.0.1:56406
Begin MonoManager ReloadAssembly
Registering precompiled unity dll's ...
Register platform support module: /Applications/Unity/Hub/Editor/2021.3.11f1/PlaybackEngines/WebGLSupport/UnityEditor.WebGL.Extensions.dll
Register platform support module: /Applications/Unity/Hub/Editor/2021.3.11f1/Unity.app/Contents/PlaybackEngines/MacStandaloneSupport/UnityEditor.OSXStandalone.Extensions.dll
Registered in 0.002324 seconds.
Native extension for OSXStandalone target not found
Native extension for WebGL target not found
Refreshing native plugins compatible for Editor in 77.38 ms, found 3 plugins.
Preloading 0 native plugins for Editor in 0.00 ms.
Mono: successfully reloaded assembly
- Completed reload, in  0.418 seconds
Domain Reload Profiling:
	ReloadAssembly (419ms)
		BeginReloadAssembly (63ms)
			ExecutionOrderSort (0ms)
			DisableScriptedObjects (0ms)
			BackupInstance (0ms)
			ReleaseScriptingObjects (0ms)
			CreateAndSetChildDomain (0ms)
		EndReloadAssembly (290ms)
			LoadAssemblies (63ms)
			RebuildTransferFunctionScriptingTraits (0ms)
			SetupTypeCache (65ms)
			ReleaseScriptCaches (0ms)
			RebuildScriptCaches (19ms)
			SetupLoadedEditorAssemblies (179ms)
				LogAssemblyErrors (0ms)
				InitializePlatformSupportModulesInManaged (4ms)
				SetLoadedEditorAssemblies (0ms)
				RefreshPlugins (77ms)
				BeforeProcessingInitializeOnLoad (1ms)
				ProcessInitializeOnLoadAttributes (74ms)
				ProcessInitializeOnLoadMethodAttributes (23ms)
				AfterProcessingInitializeOnLoad (0ms)
				EditorAssembliesLoaded (0ms)
			ExecutionOrderSort2 (0ms)
			AwakeInstancesAfterBackupRestoration (0ms)
Platform modules already initialized, skipping
Registering precompiled user dll's ...
Registered in 0.006703 seconds.
Begin MonoManager ReloadAssembly
Symbol file LoadedFromMemory doesn't match image /Users/ananyachintalapudi/hackathon2022/Library/PackageCache/com.unity.visualscripting@1.7.8/Editor/VisualScripting.Core/Dependencies/YamlDotNet/Unity.VisualScripting.YamlDotNet.dll
Symbol file LoadedFromMemory doesn't match image /Users/ananyachintalapudi/hackathon2022/Library/PackageCache/com.unity.visualscripting@1.7.8/Editor/VisualScripting.Core/Dependencies/DotNetZip/Unity.VisualScripting.IonicZip.dll
Native extension for OSXStandalone target not found
Native extension for WebGL target not found
Refreshing native plugins compatible for Editor in 80.08 ms, found 3 plugins.
Preloading 0 native plugins for Editor in 0.00 ms.
Mono: successfully reloaded assembly
- Completed reload, in  0.747 seconds
Domain Reload Profiling:
	ReloadAssembly (748ms)
		BeginReloadAssembly (51ms)
			ExecutionOrderSort (0ms)
			DisableScriptedObjects (3ms)
			BackupInstance (0ms)
			ReleaseScriptingObjects (0ms)
			CreateAndSetChildDomain (13ms)
		EndReloadAssembly (627ms)
			LoadAssemblies (70ms)
			RebuildTransferFunctionScriptingTraits (0ms)
			SetupTypeCache (158ms)
			ReleaseScriptCaches (1ms)
			RebuildScriptCaches (40ms)
			SetupLoadedEditorAssemblies (324ms)
				LogAssemblyErrors (0ms)
				InitializePlatformSupportModulesInManaged (2ms)
				SetLoadedEditorAssemblies (0ms)
				RefreshPlugins (80ms)
				BeforeProcessingInitializeOnLoad (62ms)
				ProcessInitializeOnLoadAttributes (155ms)
				ProcessInitializeOnLoadMethodAttributes (24ms)
				AfterProcessingInitializeOnLoad (1ms)
				EditorAssembliesLoaded (0ms)
			ExecutionOrderSort2 (0ms)
			AwakeInstancesAfterBackupRestoration (2ms)
Platform modules already initialized, skipping
========================================================================
Worker process is ready to serve import requests
Launching external process: /Applications/Unity/Hub/Editor/2021.3.11f1/Unity.app/Contents/Tools/UnityShaderCompiler
Launched and connected shader compiler UnityShaderCompiler after 0.05 seconds
Refreshing native plugins compatible for Editor in 0.43 ms, found 3 plugins.
Preloading 0 native plugins for Editor in 0.00 ms.
Unloading 4254 Unused Serialized files (Serialized files now loaded: 0)
Unloading 51 unused Assets / (116.7 KB). Loaded Objects now: 4711.
Memory consumption went from 275.5 MB to 275.4 MB.
Total: 4.227000 ms (FindLiveObjects: 0.161958 ms CreateObjectMapping: 0.057375 ms MarkObjects: 3.666541 ms  DeleteObjects: 0.340500 ms)

AssetImportParameters requested are different than current active one (requested -> active):
  custom:video-decoder-ogg-theora: a1e56fd34408186e4bbccfd4996cb3dc -> 
  custom:container-muxer-webm: aa71ff27fc2769a1b78a27578f13a17b -> 
  custom:container-demuxer-webm: 4f35f7cbe854078d1ac9338744f61a02 -> 
  custom:video-encoder-webm-vp8: eb34c28f22e8b96e1ab97ce403110664 -> 
  custom:framework-osx-AVFoundation: e770b220cccbd017edd2c1fefb359320 -> 
  custom:audio-encoder-webm-vorbis: bf7c407c2cedff20999df2af8eb42d56 -> 
  custom:container-demuxer-ogg: 62fdf1f143b41e24485cea50d1cbac27 -> 
  custom:video-decoder-webm-vp8: 9c59270c3fd7afecdb556c50c9e8de78 -> 
  custom:audio-decoder-ogg-vorbis: bf7c407c2cedff20999df2af8eb42d56 -> 
========================================================================
Received Import Request.
  Time since last request: 210019.207970 seconds.
  path: Assets/HackTX 2022 Assets/Player/Idle/Idle-6.png
  artifactKey: Guid(7f5580c4a9e7247ccbe2d6a2a135dd91) Importer(815301076,1909f56bfc062723c751e8b465ee728b)
Start importing Assets/HackTX 2022 Assets/Player/Idle/Idle-6.png using Guid(7f5580c4a9e7247ccbe2d6a2a135dd91) Importer(815301076,1909f56bfc062723c751e8b465ee728b)  -> (artifact id: 'cb5790135a32658ed638acc4f55d1614') in 0.576270 seconds 
========================================================================
Received Import Request.
  Time since last request: 0.000082 seconds.
  path: Assets/HackTX 2022 Assets/Player/Idle/Idle-10.png
  artifactKey: Guid(ffe9327c34db345d1b29afb933dda18c) Importer(815301076,1909f56bfc062723c751e8b465ee728b)
Start importing Assets/HackTX 2022 Assets/Player/Idle/Idle-10.png using Guid(ffe9327c34db345d1b29afb933dda18c) Importer(815301076,1909f56bfc062723c751e8b465ee728b)  -> (artifact id: '9118f89d5c84781458304c1713a3d2a5') in 0.009974 seconds 
========================================================================
Received Import Request.
  Time since last request: 0.000052 seconds.
  path: Assets/HackTX 2022 Assets/Player/Idle/Idle-7.png
  artifactKey: Guid(bcdef0e0794784bdf890bc0cc6de343a) Importer(815301076,1909f56bfc062723c751e8b465ee728b)
Start importing Assets/HackTX 2022 Assets/Player/Idle/Idle-7.png using Guid(bcdef0e0794784bdf890bc0cc6de343a) Importer(815301076,1909f56bfc062723c751e8b465ee728b)  -> (artifact id: '6bdba8f738f619ae6736202027e66f23') in 0.013819 seconds 
========================================================================
Received Import Request.
  Time since last request: 0.000071 seconds.
  path: Assets/HackTX 2022 Assets/Player/Idle/Idle-4.png
  artifactKey: Guid(d01e66c8001fb4720b881ae92985c547) Importer(815301076,1909f56bfc062723c751e8b465ee728b)
Start importing Assets/HackTX 2022 Assets/Player/Idle/Idle-4.png using Guid(d01e66c8001fb4720b881ae92985c547) Importer(815301076,1909f56bfc062723c751e8b465ee728b)  -> (artifact id: '6d866bd2381adeb5e35b574d9328e72d') in 0.007472 seconds 
========================================================================
Received Import Request.
  Time since last request: 0.000078 seconds.
  path: Assets/HackTX 2022 Assets/Player/Idle/Idle-2.png
  artifactKey: Guid(ae5cbfff982eb438481f69bf10a987b9) Importer(815301076,1909f56bfc062723c751e8b465ee728b)
Start importing Assets/HackTX 2022 Assets/Player/Idle/Idle-2.png using Guid(ae5cbfff982eb438481f69bf10a987b9) Importer(815301076,1909f56bfc062723c751e8b465ee728b)  -> (artifact id: '21ac3ee6fef0730c4a6d8b3212e69938') in 0.007070 seconds 
========================================================================
Received Import Request.
  Time since last request: 0.000348 seconds.
  path: Assets/HackTX 2022 Assets/Player/Idle/Idle-5.png
  artifactKey: Guid(ba518fe16dbb34d18b9a966fd0338bfc) Importer(815301076,1909f56bfc062723c751e8b465ee728b)
Start importing Assets/HackTX 2022 Assets/Player/Idle/Idle-5.png using Guid(ba518fe16dbb34d18b9a966fd0338bfc) Importer(815301076,1909f56bfc062723c751e8b465ee728b)  -> (artifact id: 'e19761269332360c353c6de4f9f0ff7c') in 0.007795 seconds 
========================================================================
Received Import Request.
  Time since last request: 0.000057 seconds.
  path: Assets/HackTX 2022 Assets/Player/Idle/Idle-11.png
  artifactKey: Guid(a1a678605127e434eb9f255ff5f0fcf9) Importer(815301076,1909f56bfc062723c751e8b465ee728b)
Start importing Assets/HackTX 2022 Assets/Player/Idle/Idle-11.png using Guid(a1a678605127e434eb9f255ff5f0fcf9) Importer(815301076,1909f56bfc062723c751e8b465ee728b)  -> (artifact id: '9d21dff12cf418c1cac2b811b01a4a8b') in 0.012578 seconds 
========================================================================
Received Import Request.
  Time since last request: 0.000074 seconds.
  path: Assets/HackTX 2022 Assets/Player/Idle/Idle-8.png
  artifactKey: Guid(abad17fb9eee2423080ffa6d4c994f59) Importer(815301076,1909f56bfc062723c751e8b465ee728b)
Start importing Assets/HackTX 2022 Assets/Player/Idle/Idle-8.png using Guid(abad17fb9eee2423080ffa6d4c994f59) Importer(815301076,1909f56bfc062723c751e8b465ee728b)  -> (artifact id: '0749db3af5db3946a909978a35e2e426') in 0.007157 seconds 
========================================================================
Received Import Request.
  Time since last request: 11.519050 seconds.
  path: Assets/Animations/Player/Background.controller
  artifactKey: Guid(c1ecb8c233afd43059cc7e1db4caa3e0) Importer(815301076,1909f56bfc062723c751e8b465ee728b)
Start importing Assets/Animations/Player/Background.controller using Guid(c1ecb8c233afd43059cc7e1db4caa3e0) Importer(815301076,1909f56bfc062723c751e8b465ee728b)  -> (artifact id: '1543dd4cd24db9d095f3fca8335cf734') in 0.430757 seconds 
========================================================================
Received Import Request.
  Time since last request: 4.505204 seconds.
  path: Assets/Animations/Player/Player_Idle.anim
  artifactKey: Guid(6beed16b30e3b4a60b41afdc4e77918d) Importer(815301076,1909f56bfc062723c751e8b465ee728b)
Start importing Assets/Animations/Player/Player_Idle.anim using Guid(6beed16b30e3b4a60b41afdc4e77918d) Importer(815301076,1909f56bfc062723c751e8b465ee728b)  -> (artifact id: 'f7e66192a054d17146867578a834aa0f') in 0.025801 seconds 
========================================================================
Received Import Request.
  Time since last request: 172.175786 seconds.
  path: Assets/Animations/Player/Canvas.controller
  artifactKey: Guid(3780630d8339842ec960cbe24f11142d) Importer(815301076,1909f56bfc062723c751e8b465ee728b)
Start importing Assets/Animations/Player/Canvas.controller using Guid(3780630d8339842ec960cbe24f11142d) Importer(815301076,1909f56bfc062723c751e8b465ee728b)  -> (artifact id: '0d930dbd77cf7d5e8973ae8ff4d66664') in 0.010817 seconds 
========================================================================
Received Import Request.
  Time since last request: 8.579252 seconds.
  path: Assets/Animations/Player/Canvas.controller
  artifactKey: Guid(3780630d8339842ec960cbe24f11142d) Importer(815301076,1909f56bfc062723c751e8b465ee728b)
Start importing Assets/Animations/Player/Canvas.controller using Guid(3780630d8339842ec960cbe24f11142d) Importer(815301076,1909f56bfc062723c751e8b465ee728b)  -> (artifact id: '2e7009397de6ab5a5465861d56513658') in 0.001551 seconds 
========================================================================
Received Import Request.
  Time since last request: 2.596978 seconds.
  path: Assets/Animations/Player/Player.controller
  artifactKey: Guid(3802ac52ae6d34ab1b42ed28749f2df3) Importer(815301076,1909f56bfc062723c751e8b465ee728b)
Start importing Assets/Animations/Player/Player.controller using Guid(3802ac52ae6d34ab1b42ed28749f2df3) Importer(815301076,1909f56bfc062723c751e8b465ee728b)  -> (artifact id: 'c389264572f489b7f886c1966ad9dc1b') in 0.003739 seconds 
