Unity Editor version:    2021.3.11f1 (0a5ca18544bf)
Branch:                  2021.3/staging
Build type:              Release
Batch mode:              YES
macOS version:           Version 12.4 (Build 21F79)
Darwin version:          21.5.0
Architecture:            arm64
Running under Rosetta:   NO
Available memory:        8192 MB
Using pre-set license
Pro License: YES

COMMAND LINE ARGUMENTS:
/Applications/Unity/Hub/Editor/2021.3.11f1/Unity.app/Contents/MacOS/Unity
-adb2
-batchMode
-noUpm
-name
AssetImportWorker1
-projectPath
/Users/ananyachintalapudi/hackathon2022
-logFile
Logs/AssetImportWorker1.log
-srvPort
60615
Successfully changed project path to: /Users/ananyachintalapudi/hackathon2022
/Users/ananyachintalapudi/hackathon2022
[UnityMemory] Configuration Parameters - Can be set up in boot.config
    "memorysetup-bucket-allocator-granularity=16"
    "memorysetup-bucket-allocator-bucket-count=8"
    "memorysetup-bucket-allocator-block-size=33554432"
    "memorysetup-bucket-allocator-block-count=8"
    "memorysetup-main-allocator-block-size=16777216"
    "memorysetup-thread-allocator-block-size=16777216"
    "memorysetup-gfx-main-allocator-block-size=16777216"
    "memorysetup-gfx-thread-allocator-block-size=16777216"
    "memorysetup-cache-allocator-block-size=4194304"
    "memorysetup-typetree-allocator-block-size=2097152"
    "memorysetup-profiler-bucket-allocator-granularity=16"
    "memorysetup-profiler-bucket-allocator-bucket-count=8"
    "memorysetup-profiler-bucket-allocator-block-size=33554432"
    "memorysetup-profiler-bucket-allocator-block-count=8"
    "memorysetup-profiler-allocator-block-size=16777216"
    "memorysetup-profiler-editor-allocator-block-size=1048576"
    "memorysetup-temp-allocator-size-main=16777216"
    "memorysetup-job-temp-allocator-block-size=2097152"
    "memorysetup-job-temp-allocator-block-size-background=1048576"
    "memorysetup-job-temp-allocator-reduction-small-platforms=262144"
    "memorysetup-temp-allocator-size-background-worker=32768"
    "memorysetup-temp-allocator-size-job-worker=262144"
    "memorysetup-temp-allocator-size-preload-manager=33554432"
    "memorysetup-temp-allocator-size-nav-mesh-worker=65536"
    "memorysetup-temp-allocator-size-audio-worker=65536"
    "memorysetup-temp-allocator-size-cloud-worker=32768"
    "memorysetup-temp-allocator-size-gi-baking-worker=262144"
    "memorysetup-temp-allocator-size-gfx=262144"
Refreshing native plugins compatible for Editor in 78.86 ms, found 3 plugins.
Preloading 0 native plugins for Editor in 0.00 ms.
Initialize engine version: 2021.3.11f1 (0a5ca18544bf)
[Subsystems] Discovering subsystems at path /Applications/Unity/Hub/Editor/2021.3.11f1/Unity.app/Contents/Resources/UnitySubsystems
[Subsystems] Discovering subsystems at path /Users/ananyachintalapudi/hackathon2022/Assets
GfxDevice: creating device client; threaded=0; jobified=0
 preferred device: Apple M1 (high power)
Metal devices available: 1
0: Apple M1 (high power)
Using device Apple M1 (high power)
Initializing Metal device caps: Apple M1
Initialize mono
Mono path[0] = '/Applications/Unity/Hub/Editor/2021.3.11f1/Unity.app/Contents/Managed'
Mono path[1] = '/Applications/Unity/Hub/Editor/2021.3.11f1/Unity.app/Contents/MonoBleedingEdge/lib/mono/unityjit-macos'
Mono config path = '/Applications/Unity/Hub/Editor/2021.3.11f1/Unity.app/Contents/MonoBleedingEdge/etc'
Using monoOptions --debugger-agent=transport=dt_socket,embedding=1,server=y,suspend=n,address=127.0.0.1:56408
Begin MonoManager ReloadAssembly
Registering precompiled unity dll's ...
Register platform support module: /Applications/Unity/Hub/Editor/2021.3.11f1/PlaybackEngines/WebGLSupport/UnityEditor.WebGL.Extensions.dll
Register platform support module: /Applications/Unity/Hub/Editor/2021.3.11f1/Unity.app/Contents/PlaybackEngines/MacStandaloneSupport/UnityEditor.OSXStandalone.Extensions.dll
Registered in 0.002233 seconds.
Native extension for OSXStandalone target not found
Native extension for WebGL target not found
Refreshing native plugins compatible for Editor in 77.31 ms, found 3 plugins.
Preloading 0 native plugins for Editor in 0.00 ms.
Mono: successfully reloaded assembly
- Completed reload, in  0.418 seconds
Domain Reload Profiling:
	ReloadAssembly (419ms)
		BeginReloadAssembly (63ms)
			ExecutionOrderSort (0ms)
			DisableScriptedObjects (0ms)
			BackupInstance (0ms)
			ReleaseScriptingObjects (0ms)
			CreateAndSetChildDomain (0ms)
		EndReloadAssembly (290ms)
			LoadAssemblies (63ms)
			RebuildTransferFunctionScriptingTraits (0ms)
			SetupTypeCache (66ms)
			ReleaseScriptCaches (0ms)
			RebuildScriptCaches (19ms)
			SetupLoadedEditorAssemblies (179ms)
				LogAssemblyErrors (0ms)
				InitializePlatformSupportModulesInManaged (4ms)
				SetLoadedEditorAssemblies (0ms)
				RefreshPlugins (77ms)
				BeforeProcessingInitializeOnLoad (1ms)
				ProcessInitializeOnLoadAttributes (74ms)
				ProcessInitializeOnLoadMethodAttributes (23ms)
				AfterProcessingInitializeOnLoad (0ms)
				EditorAssembliesLoaded (0ms)
			ExecutionOrderSort2 (0ms)
			AwakeInstancesAfterBackupRestoration (0ms)
Platform modules already initialized, skipping
Registering precompiled user dll's ...
Registered in 0.006746 seconds.
Begin MonoManager ReloadAssembly
Symbol file LoadedFromMemory doesn't match image /Users/ananyachintalapudi/hackathon2022/Library/PackageCache/com.unity.visualscripting@1.7.8/Editor/VisualScripting.Core/Dependencies/YamlDotNet/Unity.VisualScripting.YamlDotNet.dll
Symbol file LoadedFromMemory doesn't match image /Users/ananyachintalapudi/hackathon2022/Library/PackageCache/com.unity.visualscripting@1.7.8/Editor/VisualScripting.Core/Dependencies/DotNetZip/Unity.VisualScripting.IonicZip.dll
Native extension for OSXStandalone target not found
Native extension for WebGL target not found
Refreshing native plugins compatible for Editor in 78.39 ms, found 3 plugins.
Preloading 0 native plugins for Editor in 0.00 ms.
Mono: successfully reloaded assembly
- Completed reload, in  0.746 seconds
Domain Reload Profiling:
	ReloadAssembly (746ms)
		BeginReloadAssembly (50ms)
			ExecutionOrderSort (0ms)
			DisableScriptedObjects (3ms)
			BackupInstance (0ms)
			ReleaseScriptingObjects (0ms)
			CreateAndSetChildDomain (12ms)
		EndReloadAssembly (627ms)
			LoadAssemblies (70ms)
			RebuildTransferFunctionScriptingTraits (0ms)
			SetupTypeCache (160ms)
			ReleaseScriptCaches (1ms)
			RebuildScriptCaches (40ms)
			SetupLoadedEditorAssemblies (322ms)
				LogAssemblyErrors (0ms)
				InitializePlatformSupportModulesInManaged (2ms)
				SetLoadedEditorAssemblies (0ms)
				RefreshPlugins (78ms)
				BeforeProcessingInitializeOnLoad (62ms)
				ProcessInitializeOnLoadAttributes (153ms)
				ProcessInitializeOnLoadMethodAttributes (26ms)
				AfterProcessingInitializeOnLoad (1ms)
				EditorAssembliesLoaded (0ms)
			ExecutionOrderSort2 (0ms)
			AwakeInstancesAfterBackupRestoration (2ms)
Platform modules already initialized, skipping
========================================================================
Worker process is ready to serve import requests
Launching external process: /Applications/Unity/Hub/Editor/2021.3.11f1/Unity.app/Contents/Tools/UnityShaderCompiler
Launched and connected shader compiler UnityShaderCompiler after 0.05 seconds
Refreshing native plugins compatible for Editor in 0.51 ms, found 3 plugins.
Preloading 0 native plugins for Editor in 0.00 ms.
Unloading 4254 Unused Serialized files (Serialized files now loaded: 0)
Unloading 51 unused Assets / (116.7 KB). Loaded Objects now: 4711.
Memory consumption went from 275.5 MB to 275.4 MB.
Total: 2.536042 ms (FindLiveObjects: 0.140666 ms CreateObjectMapping: 0.056167 ms MarkObjects: 2.270042 ms  DeleteObjects: 0.068583 ms)

AssetImportParameters requested are different than current active one (requested -> active):
  custom:video-decoder-ogg-theora: a1e56fd34408186e4bbccfd4996cb3dc -> 
  custom:container-muxer-webm: aa71ff27fc2769a1b78a27578f13a17b -> 
  custom:container-demuxer-webm: 4f35f7cbe854078d1ac9338744f61a02 -> 
  custom:video-encoder-webm-vp8: eb34c28f22e8b96e1ab97ce403110664 -> 
  custom:framework-osx-AVFoundation: e770b220cccbd017edd2c1fefb359320 -> 
  custom:audio-encoder-webm-vorbis: bf7c407c2cedff20999df2af8eb42d56 -> 
  custom:container-demuxer-ogg: 62fdf1f143b41e24485cea50d1cbac27 -> 
  custom:video-decoder-webm-vp8: 9c59270c3fd7afecdb556c50c9e8de78 -> 
  custom:audio-decoder-ogg-vorbis: bf7c407c2cedff20999df2af8eb42d56 -> 
========================================================================
Received Import Request.
  Time since last request: 210019.228073 seconds.
  path: Assets/HackTX 2022 Assets/Player/Idle/Idle-12.png
  artifactKey: Guid(bfee862e94c2646f1b4de614ba846254) Importer(815301076,1909f56bfc062723c751e8b465ee728b)
Start importing Assets/HackTX 2022 Assets/Player/Idle/Idle-12.png using Guid(bfee862e94c2646f1b4de614ba846254) Importer(815301076,1909f56bfc062723c751e8b465ee728b)  -> (artifact id: '650398abe5f1e7495e1a2012afbc2cab') in 0.556358 seconds 
========================================================================
Received Import Request.
  Time since last request: 0.000045 seconds.
  path: Assets/HackTX 2022 Assets/Player/Idle/Idle-14.png
  artifactKey: Guid(9e11b6285c42b4fcd8837f96cef944cf) Importer(815301076,1909f56bfc062723c751e8b465ee728b)
Start importing Assets/HackTX 2022 Assets/Player/Idle/Idle-14.png using Guid(9e11b6285c42b4fcd8837f96cef944cf) Importer(815301076,1909f56bfc062723c751e8b465ee728b)  -> (artifact id: '78923ca1a66bbf5f3ee40b6ee2b171bc') in 0.011043 seconds 
========================================================================
Received Import Request.
  Time since last request: 0.000045 seconds.
  path: Assets/HackTX 2022 Assets/Player/Idle/Idle-13.png
  artifactKey: Guid(d188c32e3382d4ac99c2dcb7a0c4514e) Importer(815301076,1909f56bfc062723c751e8b465ee728b)
Start importing Assets/HackTX 2022 Assets/Player/Idle/Idle-13.png using Guid(d188c32e3382d4ac99c2dcb7a0c4514e) Importer(815301076,1909f56bfc062723c751e8b465ee728b)  -> (artifact id: '1dd6da4ca0112651bd7d96791203e7e0') in 0.011025 seconds 
========================================================================
Received Import Request.
  Time since last request: 0.000033 seconds.
  path: Assets/HackTX 2022 Assets/Player/Idle/Idle-3.png
  artifactKey: Guid(ded3c4802d8af45159eb03270ba048f9) Importer(815301076,1909f56bfc062723c751e8b465ee728b)
Start importing Assets/HackTX 2022 Assets/Player/Idle/Idle-3.png using Guid(ded3c4802d8af45159eb03270ba048f9) Importer(815301076,1909f56bfc062723c751e8b465ee728b)  -> (artifact id: 'f5d51f563d38c5b28b3da1f0bbd4e2e5') in 0.007029 seconds 
========================================================================
Received Import Request.
  Time since last request: 0.000051 seconds.
  path: Assets/HackTX 2022 Assets/Player/Idle/Idle-16.png
  artifactKey: Guid(95dd2bb7eb06841bd874f91181a91f85) Importer(815301076,1909f56bfc062723c751e8b465ee728b)
Start importing Assets/HackTX 2022 Assets/Player/Idle/Idle-16.png using Guid(95dd2bb7eb06841bd874f91181a91f85) Importer(815301076,1909f56bfc062723c751e8b465ee728b)  -> (artifact id: '57774cf8efc2478fde5eb23ebc38effb') in 0.006848 seconds 
========================================================================
Received Import Request.
  Time since last request: 0.000086 seconds.
  path: Assets/HackTX 2022 Assets/Player/Idle/Idle-1.png
  artifactKey: Guid(e58aead90445d440d9d1422a3d396deb) Importer(815301076,1909f56bfc062723c751e8b465ee728b)
Start importing Assets/HackTX 2022 Assets/Player/Idle/Idle-1.png using Guid(e58aead90445d440d9d1422a3d396deb) Importer(815301076,1909f56bfc062723c751e8b465ee728b)  -> (artifact id: '05fa2c051eafe175423ad29738578b86') in 0.013243 seconds 
========================================================================
Received Import Request.
  Time since last request: 0.000046 seconds.
  path: Assets/HackTX 2022 Assets/Player/Idle/Idle-15.png
  artifactKey: Guid(c3f7a566bde1e4ad39ccc2c9221ceaa5) Importer(815301076,1909f56bfc062723c751e8b465ee728b)
Start importing Assets/HackTX 2022 Assets/Player/Idle/Idle-15.png using Guid(c3f7a566bde1e4ad39ccc2c9221ceaa5) Importer(815301076,1909f56bfc062723c751e8b465ee728b)  -> (artifact id: 'c4c47144b47e0dec56e93f743d95df47') in 0.006143 seconds 
========================================================================
Received Import Request.
  Time since last request: 0.000072 seconds.
  path: Assets/HackTX 2022 Assets/Player/Idle/Idle-9.png
  artifactKey: Guid(8b0db4c9cdab4458e91903ebc18e53c2) Importer(815301076,1909f56bfc062723c751e8b465ee728b)
Start importing Assets/HackTX 2022 Assets/Player/Idle/Idle-9.png using Guid(8b0db4c9cdab4458e91903ebc18e53c2) Importer(815301076,1909f56bfc062723c751e8b465ee728b)  -> (artifact id: 'c53b76c191dc36b07fc7deda76b8f1f5') in 0.005925 seconds 
